<?xml version="1.0" encoding="UTF-8"?>
<!-- Generated by org.testng.reporters.JUnitXMLReporter -->
<testsuite ignored="0" hostname="LAPTOP-KAAPMGIG" failures="0" tests="3" name="Default test" time="12.784" errors="0" timestamp="2021-06-09T13:35:37 IST">
  <testcase classname="testCases.openAccnt" name="openAccount" time="3.84"/>
  <testcase classname="testCases.openAccnt" name="openAccount" time="3.856"/>
  <testcase classname="testCases.openAccnt" name="openAccount" time="3.906"/>
</testsuite> <!-- Default test -->
