<?xml version="1.0" encoding="UTF-8"?>
<!-- Generated by org.testng.reporters.JUnitXMLReporter -->
<testsuite ignored="0" hostname="LAPTOP-KAAPMGIG" failures="0" tests="3" name="Add Customer Test" time="6.57" errors="0" timestamp="2021-06-07T10:46:04 IST">
  <testcase classname="testCases.AddCustomer" name="addCust" time="1.867"/>
  <testcase classname="testCases.AddCustomer" name="addCust" time="1.846"/>
  <testcase classname="testCases.AddCustomer" name="addCust" time="1.843"/>
</testsuite> <!-- Add Customer Test -->
