<?xml version="1.0" encoding="UTF-8"?>
<!-- Generated by org.testng.reporters.JUnitXMLReporter -->
<testsuite ignored="0" hostname="LAPTOP-KAAPMGIG" failures="1" tests="2" name="Login Test" time="5.724" errors="0" timestamp="2021-06-07T10:45:57 IST">
  <testcase classname="testCases.loginTest" name="BMlogin" time="0.248">
    <failure type="java.lang.AssertionError" message="null">
      <![CDATA[java.lang.AssertionError: null
at testCases.loginTest.BMlogin(loginTest.java:39)
at java.base/java.util.ArrayList.forEach(ArrayList.java:1511)
... Removed 29 stack frames]]>
    </failure>
  </testcase> <!-- BMlogin -->
  <testcase classname="testCases.loginTest" name="Custlogin" time="5.417"/>
</testsuite> <!-- Login Test -->
